#
# There is insufficient memory for the Java Runtime Environment to continue.
# Native memory allocation (malloc) failed to allocate 249760 bytes. Error detail: Chunk::new
# Possible reasons:
#   The system is out of physical RAM or swap space
#   This process is running with CompressedOops enabled, and the Java Heap may be blocking the growth of the native heap
# Possible solutions:
#   Reduce memory load on the system
#   Increase physical memory or swap space
#   Check if swap backing store is full
#   Decrease Java heap size (-Xmx/-Xms)
#   Decrease number of Java threads
#   Decrease Java thread stack sizes (-Xss)
#   Set larger code cache with -XX:ReservedCodeCacheSize=
#   JVM is running with Zero Based Compressed Oops mode in which the Java heap is
#     placed in the first 32GB address space. The Java Heap base address is the
#     maximum limit for the native heap growth. Please use -XX:HeapBaseMinAddress
#     to set the Java Heap base and to place the Java Heap above 32GB virtual address.
# This output file may be truncated or incomplete.
#
#  Out of Memory Error (arena.cpp:168), pid=5088, tid=25828
#
# JRE version: OpenJDK Runtime Environment Microsoft-11369940 (21.0.7+6) (build 21.0.7+6-LTS)
# Java VM: OpenJDK 64-Bit Server VM Microsoft-11369940 (21.0.7+6-LTS, mixed mode, sharing, tiered, compressed oops, compressed class ptrs, g1 gc, windows-amd64)
# No core dump will be written. Minidumps are not enabled by default on client versions of Windows
#

---------------  S U M M A R Y ------------

Command Line: -javaagent:C:\Program Files\JetBrains\IntelliJ IDEA Community Edition 2025.1.2\lib\idea_rt.jar=62376 -Dfile.encoding=UTF-8 -Dsun.stdout.encoding=UTF-8 -Dsun.stderr.encoding=UTF-8 com.ejercicio.PruebaTecnica.PruebaTecnicaApplication

Host: Intel(R) Core(TM) i5-10210U CPU @ 1.60GHz, 8 cores, 15G,  Windows 11 , 64 bit Build 22000 (10.0.22000.2538)
Time: Tue Aug 26 20:10:03 2025 Hora est. Pacífico, Sudamérica elapsed time: 0.786168 seconds (0d 0h 0m 0s)

---------------  T H R E A D  ---------------

Current thread (0x0000019fb634b1e0):  JavaThread "C2 CompilerThread1" daemon [_thread_in_native, id=25828, stack(0x0000008a6e800000,0x0000008a6e900000) (1024K)]


Current CompileTask:
C2:786  973       4       java.util.HashMap::resize (356 bytes)

Stack: [0x0000008a6e800000,0x0000008a6e900000]
Native frames: (J=compiled Java code, j=interpreted, Vv=VM code, C=native code)
V  [jvm.dll+0x6d4bb9]
V  [jvm.dll+0x8afa11]
V  [jvm.dll+0x8b1f3e]
V  [jvm.dll+0x8b2623]
V  [jvm.dll+0x280816]
V  [jvm.dll+0xc52bd]
V  [jvm.dll+0xc57f3]
V  [jvm.dll+0x3bbd5c]
V  [jvm.dll+0x3884b0]
V  [jvm.dll+0x38792a]
V  [jvm.dll+0x248405]
V  [jvm.dll+0x2479df]
V  [jvm.dll+0x1c7aaf]
V  [jvm.dll+0x257819]
V  [jvm.dll+0x255bca]
V  [jvm.dll+0x3f5af6]
V  [jvm.dll+0x85916b]
V  [jvm.dll+0x6d327d]
C  [ucrtbase.dll+0x26c0c]
C  [KERNEL32.DLL+0x153e0]
C  [ntdll.dll+0x485b]


---------------  P R O C E S S  ---------------

Threads class SMR info:
_java_thread_list=0x0000019fb6c644c0, length=15, elements={
0x0000019f96d80600, 0x0000019fb60c3110, 0x0000019fb60c6ce0, 0x0000019fb60c7bf0,
0x0000019fb60c8ad0, 0x0000019fb60d5550, 0x0000019fb60f9710, 0x0000019fb60fa5c0,
0x0000019fb60fe470, 0x0000019fb61d2c60, 0x0000019fb634b1e0, 0x0000019fb64fabc0,
0x0000019fb64597f0, 0x0000019fb6880b50, 0x0000019fb67a0fe0
}

Java Threads: ( => current thread )
  0x0000019f96d80600 JavaThread "main"                              [_thread_blocked, id=25384, stack(0x0000008a6d700000,0x0000008a6d800000) (1024K)]
  0x0000019fb60c3110 JavaThread "Reference Handler"          daemon [_thread_blocked, id=15568, stack(0x0000008a6df00000,0x0000008a6e000000) (1024K)]
  0x0000019fb60c6ce0 JavaThread "Finalizer"                  daemon [_thread_blocked, id=15072, stack(0x0000008a6e000000,0x0000008a6e100000) (1024K)]
  0x0000019fb60c7bf0 JavaThread "Signal Dispatcher"          daemon [_thread_blocked, id=25604, stack(0x0000008a6e100000,0x0000008a6e200000) (1024K)]
  0x0000019fb60c8ad0 JavaThread "Attach Listener"            daemon [_thread_blocked, id=11020, stack(0x0000008a6e200000,0x0000008a6e300000) (1024K)]
  0x0000019fb60d5550 JavaThread "Service Thread"             daemon [_thread_blocked, id=25884, stack(0x0000008a6e300000,0x0000008a6e400000) (1024K)]
  0x0000019fb60f9710 JavaThread "Monitor Deflation Thread"   daemon [_thread_blocked, id=12220, stack(0x0000008a6e400000,0x0000008a6e500000) (1024K)]
  0x0000019fb60fa5c0 JavaThread "C2 CompilerThread0"         daemon [_thread_blocked, id=6240, stack(0x0000008a6e500000,0x0000008a6e600000) (1024K)]
  0x0000019fb60fe470 JavaThread "C1 CompilerThread0"         daemon [_thread_blocked, id=18220, stack(0x0000008a6e600000,0x0000008a6e700000) (1024K)]
  0x0000019fb61d2c60 JavaThread "Common-Cleaner"             daemon [_thread_blocked, id=17332, stack(0x0000008a6e700000,0x0000008a6e800000) (1024K)]
=>0x0000019fb634b1e0 JavaThread "C2 CompilerThread1"         daemon [_thread_in_native, id=25828, stack(0x0000008a6e800000,0x0000008a6e900000) (1024K)]
  0x0000019fb64fabc0 JavaThread "Monitor Ctrl-Break"         daemon [_thread_in_native, id=8424, stack(0x0000008a6e900000,0x0000008a6ea00000) (1024K)]
  0x0000019fb64597f0 JavaThread "Notification Thread"        daemon [_thread_blocked, id=13952, stack(0x0000008a6ea00000,0x0000008a6eb00000) (1024K)]
  0x0000019fb6880b50 JavaThread "Thread-0"                          [_thread_blocked, id=22920, stack(0x0000008a6eb00000,0x0000008a6ec00000) (1024K)]
  0x0000019fb67a0fe0 JavaThread "restartedMain"                     [_thread_in_vm, id=2264, stack(0x0000008a6ec00000,0x0000008a6ed00000) (1024K)]
Total: 15

Other Threads:
  0x0000019fb60a6ba0 VMThread "VM Thread"                           [id=2812, stack(0x0000008a6de00000,0x0000008a6df00000) (1024K)]
  0x0000019fb60942b0 WatcherThread "VM Periodic Task Thread"        [id=5900, stack(0x0000008a6dd00000,0x0000008a6de00000) (1024K)]
  0x0000019f96de65f0 WorkerThread "GC Thread#0"                     [id=7064, stack(0x0000008a6d800000,0x0000008a6d900000) (1024K)]
  0x0000019f96df97b0 ConcurrentGCThread "G1 Main Marker"            [id=8520, stack(0x0000008a6d900000,0x0000008a6da00000) (1024K)]
  0x0000019f96dfa2b0 WorkerThread "G1 Conc#0"                       [id=19184, stack(0x0000008a6da00000,0x0000008a6db00000) (1024K)]
  0x0000019fb5f68120 ConcurrentGCThread "G1 Refine#0"               [id=2096, stack(0x0000008a6db00000,0x0000008a6dc00000) (1024K)]
  0x0000019fb5f68c90 ConcurrentGCThread "G1 Service"                [id=4320, stack(0x0000008a6dc00000,0x0000008a6dd00000) (1024K)]
Total: 7

Threads with active compile tasks:
C2 CompilerThread1  803  973       4       java.util.HashMap::resize (356 bytes)
Total: 1

VM state: not at safepoint (normal execution)

VM Mutex/Monitor currently owned by a thread: None

Heap address: 0x0000000703e00000, size: 4034 MB, Compressed Oops mode: Zero based, Oop shift amount: 3

CDS archive(s) mapped at: [0x0000019fb7000000-0x0000019fb7c80000-0x0000019fb7c80000), size 13107200, SharedBaseAddress: 0x0000019fb7000000, ArchiveRelocationMode: 1.
Compressed class space mapped at: 0x0000019fb8000000-0x0000019ff8000000, reserved size: 1073741824
Narrow klass base: 0x0000019fb7000000, Narrow klass shift: 0, Narrow klass range: 0x100000000

GC Precious Log:
 CardTable entry size: 512
 Card Set container configuration: InlinePtr #cards 4 size 8 Array Of Cards #cards 16 size 48 Howl #buckets 8 coarsen threshold 3686 Howl Bitmap #cards 512 size 80 coarsen threshold 460 Card regions per heap region 1 cards per card region 4096
 CPUs: 8 total, 8 available
 Memory: 16134M
 Large Page Support: Disabled
 NUMA Support: Disabled
 Compressed Oops: Enabled (Zero based)
 Heap Region Size: 2M
 Heap Min Capacity: 8M
 Heap Initial Capacity: 254M
 Heap Max Capacity: 4034M
 Pre-touch: Disabled
 Parallel Workers: 8
 Concurrent Workers: 2
 Concurrent Refinement Workers: 8
 Periodic GC: Disabled

Heap:
 garbage-first heap   total 260096K, used 16384K [0x0000000703e00000, 0x0000000800000000)
  region size 2048K, 10 young (20480K), 0 survivors (0K)
 Metaspace       used 4505K, committed 4736K, reserved 1114112K
  class space    used 507K, committed 640K, reserved 1048576K

Heap Regions: E=young(eden), S=young(survivor), O=old, HS=humongous(starts), HC=humongous(continues), CS=collection set, F=free, TAMS=top-at-mark-start, PB=parsable bottom
|   0|0x0000000703e00000, 0x0000000703e00000, 0x0000000704000000|  0%| F|  |TAMS 0x0000000703e00000| PB 0x0000000703e00000| Untracked 
|   1|0x0000000704000000, 0x0000000704000000, 0x0000000704200000|  0%| F|  |TAMS 0x0000000704000000| PB 0x0000000704000000| Untracked 
|   2|0x0000000704200000, 0x0000000704200000, 0x0000000704400000|  0%| F|  |TAMS 0x0000000704200000| PB 0x0000000704200000| Untracked 
|   3|0x0000000704400000, 0x0000000704400000, 0x0000000704600000|  0%| F|  |TAMS 0x0000000704400000| PB 0x0000000704400000| Untracked 
|   4|0x0000000704600000, 0x0000000704600000, 0x0000000704800000|  0%| F|  |TAMS 0x0000000704600000| PB 0x0000000704600000| Untracked 
|   5|0x0000000704800000, 0x0000000704800000, 0x0000000704a00000|  0%| F|  |TAMS 0x0000000704800000| PB 0x0000000704800000| Untracked 
|   6|0x0000000704a00000, 0x0000000704a00000, 0x0000000704c00000|  0%| F|  |TAMS 0x0000000704a00000| PB 0x0000000704a00000| Untracked 
|   7|0x0000000704c00000, 0x0000000704c00000, 0x0000000704e00000|  0%| F|  |TAMS 0x0000000704c00000| PB 0x0000000704c00000| Untracked 
|   8|0x0000000704e00000, 0x0000000704e00000, 0x0000000705000000|  0%| F|  |TAMS 0x0000000704e00000| PB 0x0000000704e00000| Untracked 
|   9|0x0000000705000000, 0x0000000705000000, 0x0000000705200000|  0%| F|  |TAMS 0x0000000705000000| PB 0x0000000705000000| Untracked 
|  10|0x0000000705200000, 0x0000000705200000, 0x0000000705400000|  0%| F|  |TAMS 0x0000000705200000| PB 0x0000000705200000| Untracked 
|  11|0x0000000705400000, 0x0000000705400000, 0x0000000705600000|  0%| F|  |TAMS 0x0000000705400000| PB 0x0000000705400000| Untracked 
|  12|0x0000000705600000, 0x0000000705600000, 0x0000000705800000|  0%| F|  |TAMS 0x0000000705600000| PB 0x0000000705600000| Untracked 
|  13|0x0000000705800000, 0x0000000705800000, 0x0000000705a00000|  0%| F|  |TAMS 0x0000000705800000| PB 0x0000000705800000| Untracked 
|  14|0x0000000705a00000, 0x0000000705a00000, 0x0000000705c00000|  0%| F|  |TAMS 0x0000000705a00000| PB 0x0000000705a00000| Untracked 
|  15|0x0000000705c00000, 0x0000000705c00000, 0x0000000705e00000|  0%| F|  |TAMS 0x0000000705c00000| PB 0x0000000705c00000| Untracked 
|  16|0x0000000705e00000, 0x0000000705e00000, 0x0000000706000000|  0%| F|  |TAMS 0x0000000705e00000| PB 0x0000000705e00000| Untracked 
|  17|0x0000000706000000, 0x0000000706000000, 0x0000000706200000|  0%| F|  |TAMS 0x0000000706000000| PB 0x0000000706000000| Untracked 
|  18|0x0000000706200000, 0x0000000706200000, 0x0000000706400000|  0%| F|  |TAMS 0x0000000706200000| PB 0x0000000706200000| Untracked 
|  19|0x0000000706400000, 0x0000000706400000, 0x0000000706600000|  0%| F|  |TAMS 0x0000000706400000| PB 0x0000000706400000| Untracked 
|  20|0x0000000706600000, 0x0000000706600000, 0x0000000706800000|  0%| F|  |TAMS 0x0000000706600000| PB 0x0000000706600000| Untracked 
|  21|0x0000000706800000, 0x0000000706800000, 0x0000000706a00000|  0%| F|  |TAMS 0x0000000706800000| PB 0x0000000706800000| Untracked 
|  22|0x0000000706a00000, 0x0000000706a00000, 0x0000000706c00000|  0%| F|  |TAMS 0x0000000706a00000| PB 0x0000000706a00000| Untracked 
|  23|0x0000000706c00000, 0x0000000706c00000, 0x0000000706e00000|  0%| F|  |TAMS 0x0000000706c00000| PB 0x0000000706c00000| Untracked 
|  24|0x0000000706e00000, 0x0000000706e00000, 0x0000000707000000|  0%| F|  |TAMS 0x0000000706e00000| PB 0x0000000706e00000| Untracked 
|  25|0x0000000707000000, 0x0000000707000000, 0x0000000707200000|  0%| F|  |TAMS 0x0000000707000000| PB 0x0000000707000000| Untracked 
|  26|0x0000000707200000, 0x0000000707200000, 0x0000000707400000|  0%| F|  |TAMS 0x0000000707200000| PB 0x0000000707200000| Untracked 
|  27|0x0000000707400000, 0x0000000707400000, 0x0000000707600000|  0%| F|  |TAMS 0x0000000707400000| PB 0x0000000707400000| Untracked 
|  28|0x0000000707600000, 0x0000000707600000, 0x0000000707800000|  0%| F|  |TAMS 0x0000000707600000| PB 0x0000000707600000| Untracked 
|  29|0x0000000707800000, 0x0000000707800000, 0x0000000707a00000|  0%| F|  |TAMS 0x0000000707800000| PB 0x0000000707800000| Untracked 
|  30|0x0000000707a00000, 0x0000000707a00000, 0x0000000707c00000|  0%| F|  |TAMS 0x0000000707a00000| PB 0x0000000707a00000| Untracked 
|  31|0x0000000707c00000, 0x0000000707c00000, 0x0000000707e00000|  0%| F|  |TAMS 0x0000000707c00000| PB 0x0000000707c00000| Untracked 
|  32|0x0000000707e00000, 0x0000000707e00000, 0x0000000708000000|  0%| F|  |TAMS 0x0000000707e00000| PB 0x0000000707e00000| Untracked 
|  33|0x0000000708000000, 0x0000000708000000, 0x0000000708200000|  0%| F|  |TAMS 0x0000000708000000| PB 0x0000000708000000| Untracked 
|  34|0x0000000708200000, 0x0000000708200000, 0x0000000708400000|  0%| F|  |TAMS 0x0000000708200000| PB 0x0000000708200000| Untracked 
|  35|0x0000000708400000, 0x0000000708400000, 0x0000000708600000|  0%| F|  |TAMS 0x0000000708400000| PB 0x0000000708400000| Untracked 
|  36|0x0000000708600000, 0x0000000708600000, 0x0000000708800000|  0%| F|  |TAMS 0x0000000708600000| PB 0x0000000708600000| Untracked 
|  37|0x0000000708800000, 0x0000000708800000, 0x0000000708a00000|  0%| F|  |TAMS 0x0000000708800000| PB 0x0000000708800000| Untracked 
|  38|0x0000000708a00000, 0x0000000708a00000, 0x0000000708c00000|  0%| F|  |TAMS 0x0000000708a00000| PB 0x0000000708a00000| Untracked 
|  39|0x0000000708c00000, 0x0000000708c00000, 0x0000000708e00000|  0%| F|  |TAMS 0x0000000708c00000| PB 0x0000000708c00000| Untracked 
|  40|0x0000000708e00000, 0x0000000708e00000, 0x0000000709000000|  0%| F|  |TAMS 0x0000000708e00000| PB 0x0000000708e00000| Untracked 
|  41|0x0000000709000000, 0x0000000709000000, 0x0000000709200000|  0%| F|  |TAMS 0x0000000709000000| PB 0x0000000709000000| Untracked 
|  42|0x0000000709200000, 0x0000000709200000, 0x0000000709400000|  0%| F|  |TAMS 0x0000000709200000| PB 0x0000000709200000| Untracked 
|  43|0x0000000709400000, 0x0000000709400000, 0x0000000709600000|  0%| F|  |TAMS 0x0000000709400000| PB 0x0000000709400000| Untracked 
|  44|0x0000000709600000, 0x0000000709600000, 0x0000000709800000|  0%| F|  |TAMS 0x0000000709600000| PB 0x0000000709600000| Untracked 
|  45|0x0000000709800000, 0x0000000709800000, 0x0000000709a00000|  0%| F|  |TAMS 0x0000000709800000| PB 0x0000000709800000| Untracked 
|  46|0x0000000709a00000, 0x0000000709a00000, 0x0000000709c00000|  0%| F|  |TAMS 0x0000000709a00000| PB 0x0000000709a00000| Untracked 
|  47|0x0000000709c00000, 0x0000000709c00000, 0x0000000709e00000|  0%| F|  |TAMS 0x0000000709c00000| PB 0x0000000709c00000| Untracked 
|  48|0x0000000709e00000, 0x0000000709e00000, 0x000000070a000000|  0%| F|  |TAMS 0x0000000709e00000| PB 0x0000000709e00000| Untracked 
|  49|0x000000070a000000, 0x000000070a000000, 0x000000070a200000|  0%| F|  |TAMS 0x000000070a000000| PB 0x000000070a000000| Untracked 
|  50|0x000000070a200000, 0x000000070a200000, 0x000000070a400000|  0%| F|  |TAMS 0x000000070a200000| PB 0x000000070a200000| Untracked 
|  51|0x000000070a400000, 0x000000070a400000, 0x000000070a600000|  0%| F|  |TAMS 0x000000070a400000| PB 0x000000070a400000| Untracked 
|  52|0x000000070a600000, 0x000000070a600000, 0x000000070a800000|  0%| F|  |TAMS 0x000000070a600000| PB 0x000000070a600000| Untracked 
|  53|0x000000070a800000, 0x000000070a800000, 0x000000070aa00000|  0%| F|  |TAMS 0x000000070a800000| PB 0x000000070a800000| Untracked 
|  54|0x000000070aa00000, 0x000000070aa00000, 0x000000070ac00000|  0%| F|  |TAMS 0x000000070aa00000| PB 0x000000070aa00000| Untracked 
|  55|0x000000070ac00000, 0x000000070ac00000, 0x000000070ae00000|  0%| F|  |TAMS 0x000000070ac00000| PB 0x000000070ac00000| Untracked 
|  56|0x000000070ae00000, 0x000000070ae00000, 0x000000070b000000|  0%| F|  |TAMS 0x000000070ae00000| PB 0x000000070ae00000| Untracked 
|  57|0x000000070b000000, 0x000000070b000000, 0x000000070b200000|  0%| F|  |TAMS 0x000000070b000000| PB 0x000000070b000000| Untracked 
|  58|0x000000070b200000, 0x000000070b200000, 0x000000070b400000|  0%| F|  |TAMS 0x000000070b200000| PB 0x000000070b200000| Untracked 
|  59|0x000000070b400000, 0x000000070b400000, 0x000000070b600000|  0%| F|  |TAMS 0x000000070b400000| PB 0x000000070b400000| Untracked 
|  60|0x000000070b600000, 0x000000070b600000, 0x000000070b800000|  0%| F|  |TAMS 0x000000070b600000| PB 0x000000070b600000| Untracked 
|  61|0x000000070b800000, 0x000000070b800000, 0x000000070ba00000|  0%| F|  |TAMS 0x000000070b800000| PB 0x000000070b800000| Untracked 
|  62|0x000000070ba00000, 0x000000070ba00000, 0x000000070bc00000|  0%| F|  |TAMS 0x000000070ba00000| PB 0x000000070ba00000| Untracked 
|  63|0x000000070bc00000, 0x000000070bc00000, 0x000000070be00000|  0%| F|  |TAMS 0x000000070bc00000| PB 0x000000070bc00000| Untracked 
|  64|0x000000070be00000, 0x000000070be00000, 0x000000070c000000|  0%| F|  |TAMS 0x000000070be00000| PB 0x000000070be00000| Untracked 
|  65|0x000000070c000000, 0x000000070c000000, 0x000000070c200000|  0%| F|  |TAMS 0x000000070c000000| PB 0x000000070c000000| Untracked 
|  66|0x000000070c200000, 0x000000070c200000, 0x000000070c400000|  0%| F|  |TAMS 0x000000070c200000| PB 0x000000070c200000| Untracked 
|  67|0x000000070c400000, 0x000000070c400000, 0x000000070c600000|  0%| F|  |TAMS 0x000000070c400000| PB 0x000000070c400000| Untracked 
|  68|0x000000070c600000, 0x000000070c600000, 0x000000070c800000|  0%| F|  |TAMS 0x000000070c600000| PB 0x000000070c600000| Untracked 
|  69|0x000000070c800000, 0x000000070c800000, 0x000000070ca00000|  0%| F|  |TAMS 0x000000070c800000| PB 0x000000070c800000| Untracked 
|  70|0x000000070ca00000, 0x000000070ca00000, 0x000000070cc00000|  0%| F|  |TAMS 0x000000070ca00000| PB 0x000000070ca00000| Untracked 
|  71|0x000000070cc00000, 0x000000070cc00000, 0x000000070ce00000|  0%| F|  |TAMS 0x000000070cc00000| PB 0x000000070cc00000| Untracked 
|  72|0x000000070ce00000, 0x000000070ce00000, 0x000000070d000000|  0%| F|  |TAMS 0x000000070ce00000| PB 0x000000070ce00000| Untracked 
|  73|0x000000070d000000, 0x000000070d000000, 0x000000070d200000|  0%| F|  |TAMS 0x000000070d000000| PB 0x000000070d000000| Untracked 
|  74|0x000000070d200000, 0x000000070d200000, 0x000000070d400000|  0%| F|  |TAMS 0x000000070d200000| PB 0x000000070d200000| Untracked 
|  75|0x000000070d400000, 0x000000070d400000, 0x000000070d600000|  0%| F|  |TAMS 0x000000070d400000| PB 0x000000070d400000| Untracked 
|  76|0x000000070d600000, 0x000000070d600000, 0x000000070d800000|  0%| F|  |TAMS 0x000000070d600000| PB 0x000000070d600000| Untracked 
|  77|0x000000070d800000, 0x000000070d800000, 0x000000070da00000|  0%| F|  |TAMS 0x000000070d800000| PB 0x000000070d800000| Untracked 
|  78|0x000000070da00000, 0x000000070da00000, 0x000000070dc00000|  0%| F|  |TAMS 0x000000070da00000| PB 0x000000070da00000| Untracked 
|  79|0x000000070dc00000, 0x000000070dc00000, 0x000000070de00000|  0%| F|  |TAMS 0x000000070dc00000| PB 0x000000070dc00000| Untracked 
|  80|0x000000070de00000, 0x000000070de00000, 0x000000070e000000|  0%| F|  |TAMS 0x000000070de00000| PB 0x000000070de00000| Untracked 
|  81|0x000000070e000000, 0x000000070e000000, 0x000000070e200000|  0%| F|  |TAMS 0x000000070e000000| PB 0x000000070e000000| Untracked 
|  82|0x000000070e200000, 0x000000070e200000, 0x000000070e400000|  0%| F|  |TAMS 0x000000070e200000| PB 0x000000070e200000| Untracked 
|  83|0x000000070e400000, 0x000000070e400000, 0x000000070e600000|  0%| F|  |TAMS 0x000000070e400000| PB 0x000000070e400000| Untracked 
|  84|0x000000070e600000, 0x000000070e600000, 0x000000070e800000|  0%| F|  |TAMS 0x000000070e600000| PB 0x000000070e600000| Untracked 
|  85|0x000000070e800000, 0x000000070e800000, 0x000000070ea00000|  0%| F|  |TAMS 0x000000070e800000| PB 0x000000070e800000| Untracked 
|  86|0x000000070ea00000, 0x000000070ea00000, 0x000000070ec00000|  0%| F|  |TAMS 0x000000070ea00000| PB 0x000000070ea00000| Untracked 
|  87|0x000000070ec00000, 0x000000070ec00000, 0x000000070ee00000|  0%| F|  |TAMS 0x000000070ec00000| PB 0x000000070ec00000| Untracked 
|  88|0x000000070ee00000, 0x000000070ee00000, 0x000000070f000000|  0%| F|  |TAMS 0x000000070ee00000| PB 0x000000070ee00000| Untracked 
|  89|0x000000070f000000, 0x000000070f000000, 0x000000070f200000|  0%| F|  |TAMS 0x000000070f000000| PB 0x000000070f000000| Untracked 
|  90|0x000000070f200000, 0x000000070f200000, 0x000000070f400000|  0%| F|  |TAMS 0x000000070f200000| PB 0x000000070f200000| Untracked 
|  91|0x000000070f400000, 0x000000070f400000, 0x000000070f600000|  0%| F|  |TAMS 0x000000070f400000| PB 0x000000070f400000| Untracked 
|  92|0x000000070f600000, 0x000000070f600000, 0x000000070f800000|  0%| F|  |TAMS 0x000000070f600000| PB 0x000000070f600000| Untracked 
|  93|0x000000070f800000, 0x000000070f800000, 0x000000070fa00000|  0%| F|  |TAMS 0x000000070f800000| PB 0x000000070f800000| Untracked 
|  94|0x000000070fa00000, 0x000000070fa00000, 0x000000070fc00000|  0%| F|  |TAMS 0x000000070fa00000| PB 0x000000070fa00000| Untracked 
|  95|0x000000070fc00000, 0x000000070fc00000, 0x000000070fe00000|  0%| F|  |TAMS 0x000000070fc00000| PB 0x000000070fc00000| Untracked 
|  96|0x000000070fe00000, 0x000000070fe00000, 0x0000000710000000|  0%| F|  |TAMS 0x000000070fe00000| PB 0x000000070fe00000| Untracked 
|  97|0x0000000710000000, 0x0000000710000000, 0x0000000710200000|  0%| F|  |TAMS 0x0000000710000000| PB 0x0000000710000000| Untracked 
|  98|0x0000000710200000, 0x0000000710200000, 0x0000000710400000|  0%| F|  |TAMS 0x0000000710200000| PB 0x0000000710200000| Untracked 
|  99|0x0000000710400000, 0x0000000710400000, 0x0000000710600000|  0%| F|  |TAMS 0x0000000710400000| PB 0x0000000710400000| Untracked 
| 100|0x0000000710600000, 0x0000000710600000, 0x0000000710800000|  0%| F|  |TAMS 0x0000000710600000| PB 0x0000000710600000| Untracked 
| 101|0x0000000710800000, 0x0000000710800000, 0x0000000710a00000|  0%| F|  |TAMS 0x0000000710800000| PB 0x0000000710800000| Untracked 
| 102|0x0000000710a00000, 0x0000000710a00000, 0x0000000710c00000|  0%| F|  |TAMS 0x0000000710a00000| PB 0x0000000710a00000| Untracked 
| 103|0x0000000710c00000, 0x0000000710c00000, 0x0000000710e00000|  0%| F|  |TAMS 0x0000000710c00000| PB 0x0000000710c00000| Untracked 
| 104|0x0000000710e00000, 0x0000000710e00000, 0x0000000711000000|  0%| F|  |TAMS 0x0000000710e00000| PB 0x0000000710e00000| Untracked 
| 105|0x0000000711000000, 0x0000000711000000, 0x0000000711200000|  0%| F|  |TAMS 0x0000000711000000| PB 0x0000000711000000| Untracked 
| 106|0x0000000711200000, 0x0000000711200000, 0x0000000711400000|  0%| F|  |TAMS 0x0000000711200000| PB 0x0000000711200000| Untracked 
| 107|0x0000000711400000, 0x0000000711400000, 0x0000000711600000|  0%| F|  |TAMS 0x0000000711400000| PB 0x0000000711400000| Untracked 
| 108|0x0000000711600000, 0x0000000711600000, 0x0000000711800000|  0%| F|  |TAMS 0x0000000711600000| PB 0x0000000711600000| Untracked 
| 109|0x0000000711800000, 0x0000000711800000, 0x0000000711a00000|  0%| F|  |TAMS 0x0000000711800000| PB 0x0000000711800000| Untracked 
| 110|0x0000000711a00000, 0x0000000711a00000, 0x0000000711c00000|  0%| F|  |TAMS 0x0000000711a00000| PB 0x0000000711a00000| Untracked 
| 111|0x0000000711c00000, 0x0000000711c00000, 0x0000000711e00000|  0%| F|  |TAMS 0x0000000711c00000| PB 0x0000000711c00000| Untracked 
| 112|0x0000000711e00000, 0x0000000711e00000, 0x0000000712000000|  0%| F|  |TAMS 0x0000000711e00000| PB 0x0000000711e00000| Untracked 
| 113|0x0000000712000000, 0x0000000712000000, 0x0000000712200000|  0%| F|  |TAMS 0x0000000712000000| PB 0x0000000712000000| Untracked 
| 114|0x0000000712200000, 0x0000000712200000, 0x0000000712400000|  0%| F|  |TAMS 0x0000000712200000| PB 0x0000000712200000| Untracked 
| 115|0x0000000712400000, 0x0000000712400000, 0x0000000712600000|  0%| F|  |TAMS 0x0000000712400000| PB 0x0000000712400000| Untracked 
| 116|0x0000000712600000, 0x0000000712600000, 0x0000000712800000|  0%| F|  |TAMS 0x0000000712600000| PB 0x0000000712600000| Untracked 
| 117|0x0000000712800000, 0x0000000712870a50, 0x0000000712a00000| 22%| E|  |TAMS 0x0000000712800000| PB 0x0000000712800000| Complete 
| 118|0x0000000712a00000, 0x0000000712c00000, 0x0000000712c00000|100%| E|CS|TAMS 0x0000000712a00000| PB 0x0000000712a00000| Complete 
| 119|0x0000000712c00000, 0x0000000712e00000, 0x0000000712e00000|100%| E|CS|TAMS 0x0000000712c00000| PB 0x0000000712c00000| Complete 
| 120|0x0000000712e00000, 0x0000000713000000, 0x0000000713000000|100%| E|CS|TAMS 0x0000000712e00000| PB 0x0000000712e00000| Complete 
| 121|0x0000000713000000, 0x0000000713200000, 0x0000000713200000|100%| E|CS|TAMS 0x0000000713000000| PB 0x0000000713000000| Complete 
| 122|0x0000000713200000, 0x0000000713400000, 0x0000000713400000|100%| E|CS|TAMS 0x0000000713200000| PB 0x0000000713200000| Complete 
| 123|0x0000000713400000, 0x0000000713600000, 0x0000000713600000|100%| E|CS|TAMS 0x0000000713400000| PB 0x0000000713400000| Complete 
| 124|0x0000000713600000, 0x0000000713800000, 0x0000000713800000|100%| E|CS|TAMS 0x0000000713600000| PB 0x0000000713600000| Complete 
| 125|0x0000000713800000, 0x0000000713a00000, 0x0000000713a00000|100%| E|  |TAMS 0x0000000713800000| PB 0x0000000713800000| Complete 
| 126|0x0000000713a00000, 0x0000000713c00000, 0x0000000713c00000|100%| E|CS|TAMS 0x0000000713a00000| PB 0x0000000713a00000| Complete 

Card table byte_map: [0x0000019faefa0000,0x0000019faf790000] _byte_map_base: 0x0000019fab781000

Marking Bits: (CMBitMap*) 0x0000019f96de6cf0
 Bits: [0x0000019faf790000, 0x0000019fb3698000)

Polling page: 0x0000019f94bc0000

Metaspace:

Usage:
  Non-class:      3.90 MB used.
      Class:    507.02 KB used.
       Both:      4.40 MB used.

Virtual space:
  Non-class space:       64.00 MB reserved,       4.00 MB (  6%) committed,  1 nodes.
      Class space:        1.00 GB reserved,     640.00 KB ( <1%) committed,  1 nodes.
             Both:        1.06 GB reserved,       4.62 MB ( <1%) committed. 

Chunk freelists:
   Non-Class:  10.09 MB
       Class:  15.42 MB
        Both:  25.51 MB

MaxMetaspaceSize: unlimited
CompressedClassSpaceSize: 1.00 GB
Initial GC threshold: 21.00 MB
Current GC threshold: 21.00 MB
CDS: on
 - commit_granule_bytes: 65536.
 - commit_granule_words: 8192.
 - virtual_space_node_default_size: 8388608.
 - enlarge_chunks_in_place: 1.
 - use_allocation_guard: 0.


Internal statistics:

num_allocs_failed_limit: 0.
num_arena_births: 140.
num_arena_deaths: 0.
num_vsnodes_births: 2.
num_vsnodes_deaths: 0.
num_space_committed: 74.
num_space_uncommitted: 0.
num_chunks_returned_to_freelist: 0.
num_chunks_taken_from_freelist: 290.
num_chunk_merges: 0.
num_chunk_splits: 170.
num_chunks_enlarged: 80.
num_inconsistent_stats: 0.

CodeHeap 'non-profiled nmethods': size=120000Kb used=375Kb max_used=375Kb free=119624Kb
 bounds [0x0000019fa6f50000, 0x0000019fa71c0000, 0x0000019fae480000]
CodeHeap 'profiled nmethods': size=120000Kb used=1737Kb max_used=1737Kb free=118263Kb
 bounds [0x0000019f9f480000, 0x0000019f9f6f0000, 0x0000019fa69b0000]
CodeHeap 'non-nmethods': size=5760Kb used=1357Kb max_used=1383Kb free=4402Kb
 bounds [0x0000019fa69b0000, 0x0000019fa6c20000, 0x0000019fa6f50000]
 total_blobs=1493 nmethods=1031 adapters=367
 compilation: enabled
              stopped_count=0, restarted_count=0
 full_count=0

Compilation events (20 events):
Event: 0.778 Thread 0x0000019fb60fe470  981       3       java.nio.DirectLongBufferU::ix (10 bytes)
Event: 0.778 Thread 0x0000019fb60fe470 nmethod 981 0x0000019f9f617510 code [0x0000019f9f6176a0, 0x0000019f9f6177c0]
Event: 0.778 Thread 0x0000019fb60fe470  983       3       java.nio.file.attribute.FileTime::from (18 bytes)
Event: 0.779 Thread 0x0000019fb60fe470 nmethod 983 0x0000019f9f617890 code [0x0000019f9f617a60, 0x0000019f9f617e40]
Event: 0.779 Thread 0x0000019fb60fe470  984       3       java.nio.file.attribute.FileTime::<init> (21 bytes)
Event: 0.779 Thread 0x0000019fb60fe470 nmethod 984 0x0000019f9f618010 code [0x0000019f9f6181c0, 0x0000019f9f6183f8]
Event: 0.779 Thread 0x0000019fb60fe470  985       3       java.lang.ThreadLocal$ThreadLocalMap::getEntry (42 bytes)
Event: 0.779 Thread 0x0000019fb60fe470 nmethod 985 0x0000019f9f618490 code [0x0000019f9f618660, 0x0000019f9f618a28]
Event: 0.779 Thread 0x0000019fb60fe470  986       3       java.lang.Math::addExact (32 bytes)
Event: 0.780 Thread 0x0000019fb60fe470 nmethod 986 0x0000019f9f618c10 code [0x0000019f9f618dc0, 0x0000019f9f618fc0]
Event: 0.780 Thread 0x0000019fb60fe470  988       3       sun.nio.fs.WindowsPathParser::normalize (233 bytes)
Event: 0.780 Thread 0x0000019fb60fa5c0 nmethod 950 0x0000019fa6fa8490 code [0x0000019fa6fa86e0, 0x0000019fa6fa9488]
Event: 0.781 Thread 0x0000019fb60fa5c0  987       4       java.io.WinNTFileSystem::normalize (143 bytes)
Event: 0.783 Thread 0x0000019fb60fe470 nmethod 988 0x0000019f9f619090 code [0x0000019f9f619640, 0x0000019f9f61c190]
Event: 0.783 Thread 0x0000019fb60fe470  989       3       sun.nio.fs.WindowsFileAttributes::lastModifiedTime (8 bytes)
Event: 0.783 Thread 0x0000019fb60fe470 nmethod 989 0x0000019f9f61d390 code [0x0000019f9f61d540, 0x0000019f9f61d680]
Event: 0.783 Thread 0x0000019fb60fe470  990   !   3       sun.nio.fs.WindowsFileAttributes::toFileTime (47 bytes)
Event: 0.784 Thread 0x0000019fb60fe470 nmethod 990 0x0000019f9f61d710 code [0x0000019f9f61d900, 0x0000019f9f61dba0]
Event: 0.784 Thread 0x0000019fb60fe470  991       3       sun.net.util.IPAddressUtil::checkAuth (45 bytes)
Event: 0.784 Thread 0x0000019fb60fe470 nmethod 991 0x0000019f9f61dd10 code [0x0000019f9f61dfa0, 0x0000019f9f61e9f0]

GC Heap History (0 events):
No events

Dll operation events (11 events):
Event: 0.011 Loaded shared library C:\Users\user\.jdks\ms-21.0.7\bin\java.dll
Event: 0.068 Loaded shared library C:\Users\user\.jdks\ms-21.0.7\bin\jsvml.dll
Event: 0.188 Loaded shared library C:\Users\user\.jdks\ms-21.0.7\bin\zip.dll
Event: 0.196 Loaded shared library C:\Users\user\.jdks\ms-21.0.7\bin\instrument.dll
Event: 0.206 Loaded shared library C:\Users\user\.jdks\ms-21.0.7\bin\net.dll
Event: 0.209 Loaded shared library C:\Users\user\.jdks\ms-21.0.7\bin\nio.dll
Event: 0.217 Loaded shared library C:\Users\user\.jdks\ms-21.0.7\bin\zip.dll
Event: 0.333 Loaded shared library C:\Users\user\.jdks\ms-21.0.7\bin\extnet.dll
Event: 0.379 Loaded shared library C:\Users\user\.jdks\ms-21.0.7\bin\jimage.dll
Event: 0.749 Loaded shared library C:\Users\user\.jdks\ms-21.0.7\bin\management.dll
Event: 0.754 Loaded shared library C:\Users\user\.jdks\ms-21.0.7\bin\management_ext.dll

Deoptimization events (20 events):
Event: 0.321 Thread 0x0000019f96d80600 DEOPT PACKING pc=0x0000019fa6f5216c sp=0x0000008a6d7fef70
Event: 0.321 Thread 0x0000019f96d80600 DEOPT UNPACKING pc=0x0000019fa6a046a2 sp=0x0000008a6d7feeb0 mode 2
Event: 0.383 Thread 0x0000019f96d80600 Uncommon trap: trap_request=0xffffff45 fr.pc=0x0000019fa6f6b698 relative=0x0000000000000078
Event: 0.383 Thread 0x0000019f96d80600 Uncommon trap: reason=unstable_if action=reinterpret pc=0x0000019fa6f6b698 method=java.io.WinNTFileSystem.isSlash(C)Z @ 9 c2
Event: 0.383 Thread 0x0000019f96d80600 DEOPT PACKING pc=0x0000019fa6f6b698 sp=0x0000008a6d7fdd80
Event: 0.383 Thread 0x0000019f96d80600 DEOPT UNPACKING pc=0x0000019fa6a046a2 sp=0x0000008a6d7fdd08 mode 2
Event: 0.385 Thread 0x0000019f96d80600 DEOPT PACKING pc=0x0000019f9f4ce6a8 sp=0x0000008a6d7fcdd0
Event: 0.385 Thread 0x0000019f96d80600 DEOPT UNPACKING pc=0x0000019fa6a04e42 sp=0x0000008a6d7fc390 mode 0
Event: 0.570 Thread 0x0000019f96d80600 DEOPT PACKING pc=0x0000019f9f4f34a3 sp=0x0000008a6d7fd580
Event: 0.570 Thread 0x0000019f96d80600 DEOPT UNPACKING pc=0x0000019fa6a04e42 sp=0x0000008a6d7fc9d0 mode 0
Event: 0.643 Thread 0x0000019f96d80600 Uncommon trap: trap_request=0xffffff45 fr.pc=0x0000019fa6fa00ac relative=0x00000000000002ec
Event: 0.643 Thread 0x0000019f96d80600 Uncommon trap: reason=unstable_if action=reinterpret pc=0x0000019fa6fa00ac method=jdk.internal.util.ArraysSupport.mismatch([BI[BII)I @ 55 c2
Event: 0.643 Thread 0x0000019f96d80600 DEOPT PACKING pc=0x0000019fa6fa00ac sp=0x0000008a6d7fe950
Event: 0.643 Thread 0x0000019f96d80600 DEOPT UNPACKING pc=0x0000019fa6a046a2 sp=0x0000008a6d7fe848 mode 2
Event: 0.757 Thread 0x0000019f96d80600 Uncommon trap: trap_request=0xffffff45 fr.pc=0x0000019fa6f65fe0 relative=0x0000000000000b80
Event: 0.757 Thread 0x0000019f96d80600 Uncommon trap: reason=unstable_if action=reinterpret pc=0x0000019fa6f65fe0 method=java.util.HashMap.putVal(ILjava/lang/Object;Ljava/lang/Object;ZZ)Ljava/lang/Object; @ 181 c2
Event: 0.757 Thread 0x0000019f96d80600 DEOPT PACKING pc=0x0000019fa6f65fe0 sp=0x0000008a6d7fdd80
Event: 0.757 Thread 0x0000019f96d80600 DEOPT UNPACKING pc=0x0000019fa6a046a2 sp=0x0000008a6d7fdd40 mode 2
Event: 0.764 Thread 0x0000019f96d80600 DEOPT PACKING pc=0x0000019f9f4da6c3 sp=0x0000008a6d7fe300
Event: 0.764 Thread 0x0000019f96d80600 DEOPT UNPACKING pc=0x0000019fa6a04e42 sp=0x0000008a6d7fd7a0 mode 0

Classes loaded (20 events):
Event: 0.756 Loading class sun/management/ManagementFactoryHelper$LoggingMXBeanAccess$1
Event: 0.756 Loading class sun/management/ManagementFactoryHelper$LoggingMXBeanAccess$1 done
Event: 0.756 Loading class java/lang/management/DefaultPlatformMBeanProvider$9
Event: 0.757 Loading class java/lang/management/DefaultPlatformMBeanProvider$9 done
Event: 0.757 Loading class java/lang/management/DefaultPlatformMBeanProvider$10
Event: 0.757 Loading class java/lang/management/DefaultPlatformMBeanProvider$10 done
Event: 0.757 Loading class java/lang/management/DefaultPlatformMBeanProvider$11
Event: 0.757 Loading class java/lang/management/DefaultPlatformMBeanProvider$11 done
Event: 0.757 Loading class jdk/management/jfr/FlightRecorderMXBean
Event: 0.757 Loading class jdk/management/jfr/FlightRecorderMXBean done
Event: 0.757 Loading class jdk/management/jfr/internal/FlightRecorderMXBeanProvider$SingleMBeanComponent
Event: 0.757 Loading class jdk/management/jfr/internal/FlightRecorderMXBeanProvider$SingleMBeanComponent done
Event: 0.758 Loading class java/util/stream/ReduceOps$2
Event: 0.758 Loading class java/util/stream/ReduceOps$2 done
Event: 0.758 Loading class java/util/stream/ReduceOps$2ReducingSink
Event: 0.758 Loading class java/util/stream/ReduceOps$2ReducingSink done
Event: 0.758 Loading class sun/management/RuntimeImpl
Event: 0.758 Loading class sun/management/RuntimeImpl done
Event: 0.758 Loading class java/util/Collections$2
Event: 0.758 Loading class java/util/Collections$2 done

Classes unloaded (0 events):
No events

Classes redefined (0 events):
No events

Internal exceptions (12 events):
Event: 0.312 Thread 0x0000019f96d80600 Exception <a 'java/lang/NoSuchMethodError'{0x00000007134206f8}: 'void java.lang.invoke.DirectMethodHandle$Holder.invokeStatic(java.lang.Object, java.lang.Object, java.lang.Object)'> (0x00000007134206f8) 
thrown [s\src\hotspot\share\interpreter\linkResolver.cpp, line 773]
Event: 0.317 Thread 0x0000019f96d80600 Exception <a 'java/lang/NoSuchMethodError'{0x0000000713438210}: 'java.lang.Object java.lang.invoke.Invokers$Holder.invokeExact_MT(java.lang.Object, java.lang.Object, java.lang.Object, java.lang.Object, java.lang.Object)'> (0x0000000713438210) 
thrown [s\src\hotspot\share\interpreter\linkResolver.cpp, line 773]
Event: 0.336 Thread 0x0000019fb64fabc0 Exception <a 'java/lang/NoSuchMethodError'{0x0000000713479650}: 'void java.lang.invoke.DirectMethodHandle$Holder.invokeStatic(java.lang.Object, java.lang.Object)'> (0x0000000713479650) 
thrown [s\src\hotspot\share\interpreter\linkResolver.cpp, line 773]
Event: 0.448 Thread 0x0000019f96d80600 Exception <a 'java/lang/NoSuchMethodError'{0x00000007133075b0}: 'java.lang.Object java.lang.invoke.DirectMethodHandle$Holder.invokeSpecial(java.lang.Object, java.lang.Object, java.lang.Object, long, java.lang.Object)'> (0x00000007133075b0) 
thrown [s\src\hotspot\share\interpreter\linkResolver.cpp, line 773]
Event: 0.449 Thread 0x0000019f96d80600 Exception <a 'java/lang/NoSuchMethodError'{0x000000071330af20}: 'java.lang.Object java.lang.invoke.Invokers$Holder.linkToTargetMethod(java.lang.Object, long, java.lang.Object, java.lang.Object)'> (0x000000071330af20) 
thrown [s\src\hotspot\share\interpreter\linkResolver.cpp, line 773]
Event: 0.558 Thread 0x0000019f96d80600 Exception <a 'java/lang/NoSuchMethodError'{0x000000071311a610}: 'void java.lang.invoke.DirectMethodHandle$Holder.invokeStatic(java.lang.Object, java.lang.Object, java.lang.Object, java.lang.Object)'> (0x000000071311a610) 
thrown [s\src\hotspot\share\interpreter\linkResolver.cpp, line 773]
Event: 0.610 Thread 0x0000019f96d80600 Exception <a 'java/lang/NoSuchMethodError'{0x0000000712e3dc28}: 'int java.lang.invoke.DirectMethodHandle$Holder.invokeStaticInit(java.lang.Object, java.lang.Object)'> (0x0000000712e3dc28) 
thrown [s\src\hotspot\share\interpreter\linkResolver.cpp, line 773]
Event: 0.621 Thread 0x0000019f96d80600 Exception <a 'java/lang/NoSuchMethodError'{0x0000000712e77d10}: 'void java.lang.invoke.DirectMethodHandle$Holder.invokeInterface(java.lang.Object, java.lang.Object, java.lang.Object, java.lang.Object)'> (0x0000000712e77d10) 
thrown [s\src\hotspot\share\interpreter\linkResolver.cpp, line 773]
Event: 0.697 Thread 0x0000019f96d80600 Exception <a 'java/lang/NoSuchMethodError'{0x0000000712c5fb70}: 'java.lang.Object java.lang.invoke.DirectMethodHandle$Holder.invokeInterface(java.lang.Object, java.lang.Object)'> (0x0000000712c5fb70) 
thrown [s\src\hotspot\share\interpreter\linkResolver.cpp, line 773]
Event: 0.710 Thread 0x0000019f96d80600 Exception <a 'java/lang/NoSuchMethodError'{0x0000000712ca9fe8}: 'java.lang.Object java.lang.invoke.DirectMethodHandle$Holder.invokeSpecialIFC(java.lang.Object, java.lang.Object, java.lang.Object, java.lang.Object)'> (0x0000000712ca9fe8) 
thrown [s\src\hotspot\share\interpreter\linkResolver.cpp, line 773]
Event: 0.716 Thread 0x0000019f96d80600 Exception <a 'java/lang/NoSuchMethodError'{0x0000000712cc9938}: 'java.lang.Object java.lang.invoke.DirectMethodHandle$Holder.invokeInterface(java.lang.Object, java.lang.Object, java.lang.Object)'> (0x0000000712cc9938) 
thrown [s\src\hotspot\share\interpreter\linkResolver.cpp, line 773]
Event: 0.758 Thread 0x0000019f96d80600 Exception <a 'java/lang/NoSuchMethodError'{0x0000000712dee4a0}: 'int java.lang.invoke.DirectMethodHandle$Holder.invokeSpecial(java.lang.Object, java.lang.Object, java.lang.Object)'> (0x0000000712dee4a0) 
thrown [s\src\hotspot\share\interpreter\linkResolver.cpp, line 773]

ZGC Phase Switch (0 events):
No events

VM Operations (10 events):
Event: 0.154 Executing VM operation: HandshakeAllThreads (Deoptimize)
Event: 0.154 Executing VM operation: HandshakeAllThreads (Deoptimize) done
Event: 0.383 Executing VM operation: HandshakeAllThreads (Deoptimize)
Event: 0.383 Executing VM operation: HandshakeAllThreads (Deoptimize) done
Event: 0.694 Executing VM operation: HandshakeAllThreads (Deoptimize)
Event: 0.694 Executing VM operation: HandshakeAllThreads (Deoptimize) done
Event: 0.694 Executing VM operation: HandshakeAllThreads (Deoptimize)
Event: 0.694 Executing VM operation: HandshakeAllThreads (Deoptimize) done
Event: 0.741 Executing VM operation: HandshakeAllThreads (Deoptimize)
Event: 0.741 Executing VM operation: HandshakeAllThreads (Deoptimize) done

Memory protections (0 events):
No events

Nmethod flushes (0 events):
No events

Events (13 events):
Event: 0.041 Thread 0x0000019f96d80600 Thread added: 0x0000019f96d80600
Event: 0.065 Thread 0x0000019f96d80600 Thread added: 0x0000019fb60c3110
Event: 0.065 Thread 0x0000019f96d80600 Thread added: 0x0000019fb60c6ce0
Event: 0.066 Thread 0x0000019f96d80600 Thread added: 0x0000019fb60c7bf0
Event: 0.066 Thread 0x0000019f96d80600 Thread added: 0x0000019fb60c8ad0
Event: 0.066 Thread 0x0000019f96d80600 Thread added: 0x0000019fb60d5550
Event: 0.066 Thread 0x0000019f96d80600 Thread added: 0x0000019fb60f9710
Event: 0.066 Thread 0x0000019f96d80600 Thread added: 0x0000019fb60fa5c0
Event: 0.066 Thread 0x0000019f96d80600 Thread added: 0x0000019fb60fe470
Event: 0.140 Thread 0x0000019f96d80600 Thread added: 0x0000019fb61d2c60
Event: 0.264 Thread 0x0000019fb60fe470 Thread added: 0x0000019fb634b1e0
Event: 0.320 Thread 0x0000019f96d80600 Thread added: 0x0000019fb64fabc0
Event: 0.320 Thread 0x0000019f96d80600 Thread added: 0x0000019fb64597f0


Dynamic libraries:
0x00007ff6279b0000 - 0x00007ff6279be000 	C:\Users\user\.jdks\ms-21.0.7\bin\java.exe
0x00007fffdb620000 - 0x00007fffdb829000 	C:\Windows\SYSTEM32\ntdll.dll
0x00007fffd9c20000 - 0x00007fffd9cdd000 	C:\Windows\System32\KERNEL32.DLL
0x00007fffd8d40000 - 0x00007fffd90c4000 	C:\Windows\System32\KERNELBASE.dll
0x00007fffd8c20000 - 0x00007fffd8d31000 	C:\Windows\System32\ucrtbase.dll
0x00007fffcea20000 - 0x00007fffcea38000 	C:\Users\user\.jdks\ms-21.0.7\bin\jli.dll
0x00007fffdaac0000 - 0x00007fffdac6d000 	C:\Windows\System32\USER32.dll
0x00007fffd9380000 - 0x00007fffd93a6000 	C:\Windows\System32\win32u.dll
0x00007fffd1630000 - 0x00007fffd164d000 	C:\Users\user\.jdks\ms-21.0.7\bin\VCRUNTIME140.dll
0x00007fffd99a0000 - 0x00007fffd99ca000 	C:\Windows\System32\GDI32.dll
0x00007fffd90d0000 - 0x00007fffd91ee000 	C:\Windows\System32\gdi32full.dll
0x00007fffd91f0000 - 0x00007fffd928d000 	C:\Windows\System32\msvcp_win.dll
0x00007fffc17b0000 - 0x00007fffc1a55000 	C:\Windows\WinSxS\amd64_microsoft.windows.common-controls_6595b64144ccf1df_6.0.22000.120_none_9d947278b86cc467\COMCTL32.dll
0x00007fffd9e00000 - 0x00007fffd9ea3000 	C:\Windows\System32\msvcrt.dll
0x00007fffda8f0000 - 0x00007fffda921000 	C:\Windows\System32\IMM32.DLL
0x00007fffd4f30000 - 0x00007fffd4f3c000 	C:\Users\user\.jdks\ms-21.0.7\bin\vcruntime140_1.dll
0x00007fffc3340000 - 0x00007fffc33cd000 	C:\Users\user\.jdks\ms-21.0.7\bin\msvcp140.dll
0x00007fff706f0000 - 0x00007fff71488000 	C:\Users\user\.jdks\ms-21.0.7\bin\server\jvm.dll
0x00007fffdb530000 - 0x00007fffdb5de000 	C:\Windows\System32\ADVAPI32.dll
0x00007fffd9470000 - 0x00007fffd950e000 	C:\Windows\System32\sechost.dll
0x00007fffda990000 - 0x00007fffdaab1000 	C:\Windows\System32\RPCRT4.dll
0x00007fffd9ce0000 - 0x00007fffd9d4f000 	C:\Windows\System32\WS2_32.dll
0x00007fffcfc40000 - 0x00007fffcfc73000 	C:\Windows\SYSTEM32\WINMM.dll
0x00007fffd16c0000 - 0x00007fffd16ca000 	C:\Windows\SYSTEM32\VERSION.dll
0x00007fffd83c0000 - 0x00007fffd840d000 	C:\Windows\SYSTEM32\POWRPROF.dll
0x00007fffd83a0000 - 0x00007fffd83b3000 	C:\Windows\SYSTEM32\UMPDC.dll
0x00007fffd7ae0000 - 0x00007fffd7af8000 	C:\Windows\SYSTEM32\kernel.appcore.dll
0x00007fffd1290000 - 0x00007fffd129a000 	C:\Users\user\.jdks\ms-21.0.7\bin\jimage.dll
0x00007fffd6610000 - 0x00007fffd6831000 	C:\Windows\SYSTEM32\DBGHELP.DLL
0x00007fffb1fe0000 - 0x00007fffb2011000 	C:\Windows\SYSTEM32\dbgcore.DLL
0x00007fffd9290000 - 0x00007fffd930f000 	C:\Windows\System32\bcryptPrimitives.dll
0x00007fffced30000 - 0x00007fffced3f000 	C:\Users\user\.jdks\ms-21.0.7\bin\instrument.dll
0x00007fffce9b0000 - 0x00007fffce9d0000 	C:\Users\user\.jdks\ms-21.0.7\bin\java.dll
0x00007fffdad60000 - 0x00007fffdb525000 	C:\Windows\System32\SHELL32.dll
0x00007fffd6b40000 - 0x00007fffd73a2000 	C:\Windows\SYSTEM32\windows.storage.dll
0x00007fffd9eb0000 - 0x00007fffda226000 	C:\Windows\System32\combase.dll
0x00007fffd69d0000 - 0x00007fffd6b37000 	C:\Windows\SYSTEM32\wintypes.dll
0x00007fffd95a0000 - 0x00007fffd968a000 	C:\Windows\System32\SHCORE.dll
0x00007fffda930000 - 0x00007fffda98d000 	C:\Windows\System32\shlwapi.dll
0x00007fffd89e0000 - 0x00007fffd8a05000 	C:\Windows\SYSTEM32\profapi.dll
0x00007fffc2e30000 - 0x00007fffc2f06000 	C:\Users\user\.jdks\ms-21.0.7\bin\jsvml.dll
0x00007fffce300000 - 0x00007fffce318000 	C:\Users\user\.jdks\ms-21.0.7\bin\zip.dll
0x00007fffceb30000 - 0x00007fffceb40000 	C:\Users\user\.jdks\ms-21.0.7\bin\net.dll
0x00007fffd31f0000 - 0x00007fffd3304000 	C:\Windows\SYSTEM32\WINHTTP.dll
0x00007fffd7f80000 - 0x00007fffd7fe7000 	C:\Windows\system32\mswsock.dll
0x00007fffce320000 - 0x00007fffce336000 	C:\Users\user\.jdks\ms-21.0.7\bin\nio.dll
0x00007fffce9a0000 - 0x00007fffce9a9000 	C:\Users\user\.jdks\ms-21.0.7\bin\extnet.dll
0x00007fffce2d0000 - 0x00007fffce2da000 	C:\Users\user\.jdks\ms-21.0.7\bin\management.dll
0x00007fffce240000 - 0x00007fffce24b000 	C:\Users\user\.jdks\ms-21.0.7\bin\management_ext.dll
0x00007fffd9c10000 - 0x00007fffd9c18000 	C:\Windows\System32\PSAPI.DLL

dbghelp: loaded successfully - version: 4.0.5 - missing functions: none
symbol engine: initialized successfully - sym options: 0x614 - pdb path: .;C:\Users\user\.jdks\ms-21.0.7\bin;C:\Windows\SYSTEM32;C:\Windows\WinSxS\amd64_microsoft.windows.common-controls_6595b64144ccf1df_6.0.22000.120_none_9d947278b86cc467;C:\Users\user\.jdks\ms-21.0.7\bin\server

VM Arguments:
jvm_args: -javaagent:C:\Program Files\JetBrains\IntelliJ IDEA Community Edition 2025.1.2\lib\idea_rt.jar=62376 -Dfile.encoding=UTF-8 -Dsun.stdout.encoding=UTF-8 -Dsun.stderr.encoding=UTF-8 
java_command: com.ejercicio.PruebaTecnica.PruebaTecnicaApplication
java_class_path (initial): C:\Users\user\Downloads\PruebaTecnica\PruebaTecnica\target\classes;C:\Users\user\.m2\repository\org\springframework\boot\spring-boot-starter-data-mongodb\3.5.5\spring-boot-starter-data-mongodb-3.5.5.jar;C:\Users\user\.m2\repository\org\springframework\boot\spring-boot-starter\3.5.5\spring-boot-starter-3.5.5.jar;C:\Users\user\.m2\repository\org\springframework\boot\spring-boot-starter-logging\3.5.5\spring-boot-starter-logging-3.5.5.jar;C:\Users\user\.m2\repository\ch\qos\logback\logback-classic\1.5.18\logback-classic-1.5.18.jar;C:\Users\user\.m2\repository\ch\qos\logback\logback-core\1.5.18\logback-core-1.5.18.jar;C:\Users\user\.m2\repository\org\apache\logging\log4j\log4j-to-slf4j\2.24.3\log4j-to-slf4j-2.24.3.jar;C:\Users\user\.m2\repository\org\apache\logging\log4j\log4j-api\2.24.3\log4j-api-2.24.3.jar;C:\Users\user\.m2\repository\org\slf4j\jul-to-slf4j\2.0.17\jul-to-slf4j-2.0.17.jar;C:\Users\user\.m2\repository\jakarta\annotation\jakarta.annotation-api\2.1.1\jakarta.annotation-api-2.1.1.jar;C:\Users\user\.m2\repository\org\yaml\snakeyaml\2.4\snakeyaml-2.4.jar;C:\Users\user\.m2\repository\org\mongodb\mongodb-driver-sync\5.5.1\mongodb-driver-sync-5.5.1.jar;C:\Users\user\.m2\repository\org\mongodb\bson\5.5.1\bson-5.5.1.jar;C:\Users\user\.m2\repository\org\mongodb\mongodb-driver-core\5.5.1\mongodb-driver-core-5.5.1.jar;C:\Users\user\.m2\repository\org\mongodb\bson-record-codec\5.5.1\bson-record-codec-5.5.1.jar;C:\Users\user\.m2\repository\org\springframework\data\spring-data-mongodb\4.5.3\spring-data-mongodb-4.5.3.jar;C:\Users\user\.m2\repository\org\springframework\spring-tx\6.2.10\spring-tx-6.2.10.jar;C:\Users\user\.m2\repository\org\springframework\spring-context\6.2.10\spring-context-6.2.10.jar;C:\Users\user\.m2\repository\org\springframework\spring-beans\6.2.10\spring-beans-6.2.10.jar;C:\Users\user\.m2\repository\org\springframework\spring-expression\6.2.10\spring-expression-6.2.10.jar;C:\Users\user\.m2\repository\org\springframework\data\spring-data-commons\3.5.3\spring-data-commons-3.5.3.jar;C:\Users\user\.m2\repository\org\slf4j\slf4j-api\2.0.17\slf4j-api-2.0.17.jar;C:\Users\user\.m2\repository\org\springframework\boot\spring-boot-starter-web\3.5.5\spring-boot-starter-web-3.5.5.jar;C:\Users\user\.m2\repository\org\springframework\boot\spring-boot-starter-json\3.5.5\spring-boot-starter-json-3.5.5.jar;C:\Users\user\.m2\repository\com\fasterxml\jackson\core\jackson-databind\2.19.2\jackson-databind-2.19.2.jar;C:\Users\user\.m2\repository\com\fasterxml\jackson\core\jackson-annotations\2.19.2\jackson-annotations-2.19.2.jar;C:\Users\user\.m2\repository\com\fasterxml\jackson\core\jackson-core\2.19.2\jackson-core-2.19.2.jar;C:\Users\user\.m2\repository\com\fasterxml\jackson\datatype\jackson-datatype-jdk8\2.19.2\jackson-datatype-jdk8-2.19.2.jar;C:\Users\user\.m2\repository\com\fasterxml\jackson\datatype\jackson-datatype-jsr310\2.19.2\jackson-datatype-jsr310-2.19.2.jar;C:\Users\user\.m2\repository\com\fasterxml\jackson\module\jackson-module-parameter-names\2.19.2\jackson-module-parameter-names-2.19.2.jar;C:\Users\user\.m2\repository\org\springframework\boot\spring-boot-starter-tomcat\3.5.5\spring-boot-starter-tomcat-3.5.5.jar;C:\Users\user\.m2\repository\org\apache\tomcat\embed\tomcat-embed-core\10.1.44\tomcat-embed-core-10.1.44.jar;C:\Users\user\.m2\repository\org\apache\tomcat\embed\tomcat-embed-el\10.1.44\tomcat-embed-el-10.1.44.jar;C:\Users\user\.m2\repository\org\apache\tomcat\embed\tomcat-embed-websocket\10.1.44\tomcat-embed-websocket-10.1.44.jar;C:\Users\user\.m2\repository\org\springframework\spring-web\6.2.10\spring-web-6.2.10.jar;C:\Users\user\.m2\repository\io\micrometer\micrometer-observation\1.15.3\micrometer-observation-1.15.3.jar;C:\Users\user\.m2\repository\io\micrometer\micrometer-commons\1.15.3\micrometer-commons-1.15.3.jar;C:\Users\user\.m2\repository\org\springframework\spring-webmvc\6.2.10\spring-webmvc-6.2.10.jar;C:\Users\user\.m2\repository\org\springframework\spring-aop\6.2.10\spring-aop-6.2.10.jar;C:\Users\user\.m2\repository\org\springframework\boot\spring-boot-devtools\3.5.5\spring-boot-devtools-3.5.5.jar;C:\Users\user\.m2\repository\org\springframework\boot\spring-boot\3.5.5\spring-boot-3.5.5.jar;C:\Users\user\.m2\repository\org\springframework\boot\spring-boot-autoconfigure\3.5.5\spring-boot-autoconfigure-3.5.5.jar;C:\Users\user\.m2\repository\org\projectlombok\lombok\1.18.38\lombok-1.18.38.jar;C:\Users\user\.m2\repository\jakarta\activation\jakarta.activation-api\2.1.3\jakarta.activation-api-2.1.3.jar;C:\Users\user\.m2\repository\org\springframework\spring-core\6.2.10\spring-core-6.2.10.jar;C:\Users\user\.m2\repository\org\springframework\spring-jcl\6.2.10\spring-jcl-6.2.10.jar;C:\Users\user\.m2\repository\org\springframework\boot\spring-boot-starter-mail\3.5.5\spring-boot-starter-mail-3.5.5.jar;C:\Users\user\.m2\repository\org\springframework\spring-context-support\6.2.10\spring-context-support-6.2.10.jar;C:\Users\user\.m2\repository\org\eclipse\angus\jakarta.mail\2.0.4\jakarta.mail-2.0.4.jar;C:\Users\user\.m2\repository\org\eclipse\angus\angus-activation\2.0.2\angus-activation-2.0.2.jar
Launcher Type: SUN_STANDARD

[Global flags]
     intx CICompilerCount                          = 4                                         {product} {ergonomic}
     uint ConcGCThreads                            = 2                                         {product} {ergonomic}
     uint G1ConcRefinementThreads                  = 8                                         {product} {ergonomic}
   size_t G1HeapRegionSize                         = 2097152                                   {product} {ergonomic}
    uintx GCDrainStackTargetSize                   = 64                                        {product} {ergonomic}
   size_t InitialHeapSize                          = 266338304                                 {product} {ergonomic}
   size_t MarkStackSize                            = 4194304                                   {product} {ergonomic}
   size_t MaxHeapSize                              = 4229955584                                {product} {ergonomic}
   size_t MaxNewSize                               = 2537553920                                {product} {ergonomic}
   size_t MinHeapDeltaBytes                        = 2097152                                   {product} {ergonomic}
   size_t MinHeapSize                              = 8388608                                   {product} {ergonomic}
    uintx NonNMethodCodeHeapSize                   = 5839372                                {pd product} {ergonomic}
    uintx NonProfiledCodeHeapSize                  = 122909434                              {pd product} {ergonomic}
    uintx ProfiledCodeHeapSize                     = 122909434                              {pd product} {ergonomic}
    uintx ReservedCodeCacheSize                    = 251658240                              {pd product} {ergonomic}
     bool SegmentedCodeCache                       = true                                      {product} {ergonomic}
   size_t SoftMaxHeapSize                          = 4229955584                             {manageable} {ergonomic}
     bool UseCompressedOops                        = true                           {product lp64_product} {ergonomic}
     bool UseG1GC                                  = true                                      {product} {ergonomic}
     bool UseLargePagesIndividualAllocation        = false                                  {pd product} {ergonomic}

Logging:
Log output configuration:
 #0: stdout all=warning uptime,level,tags foldmultilines=false
 #1: stderr all=off uptime,level,tags foldmultilines=false

Environment Variables:
PATH=C:\oracle_db\software\bin;C:\Program Files (x86)\Common Files\Oracle\Java\javapath;C:\Windows\system32;C:\Windows;C:\Windows\System32\Wbem;C:\Windows\System32\WindowsPowerShell\v1.0\;C:\Windows\System32\OpenSSH\;C:\Program Files\Microsoft SQL Server\150\Tools\Binn\;C:\Program Files\Microsoft SQL Server\Client SDK\ODBC\170\Tools\Binn\;C:\Program Files\dotnet\;C:\Program Files (x86)\Microsoft SQL Server\150\Tools\Binn\;C:\Program Files\Microsoft SQL Server\150\DTS\Binn\;C:\Program Files (x86)\Microsoft SQL Server\160\DTS\Binn\;C:\Program Files\Azure Data Studio\bin;C:\Program Files\nodejs\;C:\Program Files\Git\cmd;C:\Users\user\AppData\Local\Programs\Python\Python38-32\Scripts\;C:\Users\user\AppData\Local\Programs\Python\Python38-32\;C:\Users\user\AppData\Local\Microsoft\WindowsApps;C:\Users\user\AppData\Local\Programs\Microsoft VS Code\bin;C:\Users\user\.dotnet\tools;C:\Program Files\Azure Data Studio\bin;C:\Users\user\AppData\Roaming\npm;C:\Program Files\JetBrains\WebStorm 2025.1\bin;;C:\Program Files\JetBrains\IntelliJ IDEA Community Edition 2025.1.2\bin;
USERNAME=user
OS=Windows_NT
PROCESSOR_IDENTIFIER=Intel64 Family 6 Model 142 Stepping 12, GenuineIntel
TMP=C:\Users\user\AppData\Local\Temp
TEMP=C:\Users\user\AppData\Local\Temp




Periodic native trim disabled

---------------  S Y S T E M  ---------------

OS:
 Windows 11 , 64 bit Build 22000 (10.0.22000.2538)
OS uptime: 60 days 20:38 hours
Hyper-V role detected

CPU: total 8 (initial active 8) (4 cores per cpu, 2 threads per core) family 6 model 142 stepping 12 microcode 0xfa, cx8, cmov, fxsr, ht, mmx, 3dnowpref, sse, sse2, sse3, ssse3, sse4.1, sse4.2, popcnt, lzcnt, tsc, tscinvbit, avx, avx2, aes, erms, clmul, bmi1, bmi2, adx, fma, vzeroupper, clflush, clflushopt, hv, rdtscp, f16c
Processor Information for the first 8 processors :
  Max Mhz: 2112, Current Mhz: 804, Mhz Limit: 802

Memory: 4k page, system-wide physical 16134M (2027M free)
TotalPageFile size 19078M (AvailPageFile size 4M)
current process WorkingSet (physical memory assigned to process): 68M, peak: 68M
current process commit charge ("private bytes"): 352M, peak: 352M

vm_info: OpenJDK 64-Bit Server VM (21.0.7+6-LTS) for windows-amd64 JRE (21.0.7+6-LTS), built on 2025-04-09T22:17:25Z by "MicrosoftCorporation" with unknown MS VC++:1939

END.
